11:59:20:123 [ALWAYS]	GUDE Logging Started
11:59:20:123 [INFO]	SqliteResumeCache::SqliteResumeCache basedirectory is null/empty
11:59:20:123 [ERROR]	SqliteResumeCache::CreateSqliteResumeCache creating resume cache pointer failure
11:59:20:123 [ERROR]	Initialize resume cache pointer failure
11:59:20:123 [INFO]	gude policy POLICY_USER limit (2,2,1) chunk 2097152, chunking (UL 0 DL 1), resXfer 1, adapt 0, NSURL 0, timeout 86400 
11:59:20:124 [INFO]	Initialized -- gude-lib version: v0.12.1 app: gude
11:59:25:757 [WARN]	Ignoring attempt to reinit logging to \gude at level 4 retaining 3 days of logs
11:59:25:757 [INFO]	SqliteResumeCache::SqliteResumeCache basedirectory is null/empty
11:59:25:757 [ERROR]	SqliteResumeCache::CreateSqliteResumeCache creating resume cache pointer failure
11:59:25:757 [ERROR]	Initialize resume cache pointer failure
11:59:25:757 [INFO]	gude policy POLICY_USER limit (4,4,1) chunk 2097152, chunking (UL 0 DL 1), resXfer 1, adapt 0, NSURL 1, timeout 86400 
11:59:25:757 [INFO]	Initialized -- gude-lib version: v0.12.1 app: gude
12:35:59:106 [ALWAYS]	GUDE Logging Started
12:35:59:106 [INFO]	SqliteResumeCache::SqliteResumeCache basedirectory is null/empty
12:35:59:106 [ERROR]	SqliteResumeCache::CreateSqliteResumeCache creating resume cache pointer failure
12:35:59:106 [ERROR]	Initialize resume cache pointer failure
12:35:59:106 [INFO]	gude policy POLICY_USER limit (2,2,1) chunk 2097152, chunking (UL 0 DL 1), resXfer 1, adapt 0, NSURL 0, timeout 86400 
12:35:59:106 [INFO]	Initialized -- gude-lib version: v0.12.1 app: gude
12:36:04:391 [WARN]	Ignoring attempt to reinit logging to \gude at level 4 retaining 3 days of logs
12:36:04:391 [INFO]	SqliteResumeCache::SqliteResumeCache basedirectory is null/empty
12:36:04:391 [ERROR]	SqliteResumeCache::CreateSqliteResumeCache creating resume cache pointer failure
12:36:04:391 [ERROR]	Initialize resume cache pointer failure
12:36:04:391 [INFO]	gude policy POLICY_USER limit (4,4,1) chunk 2097152, chunking (UL 0 DL 1), resXfer 1, adapt 0, NSURL 1, timeout 86400 
12:36:04:391 [INFO]	Initialized -- gude-lib version: v0.12.1 app: gude
13:28:08:562 [ALWAYS]	GUDE Logging Started
13:28:08:562 [INFO]	SqliteResumeCache::SqliteResumeCache basedirectory is null/empty
13:28:08:562 [ERROR]	SqliteResumeCache::CreateSqliteResumeCache creating resume cache pointer failure
13:28:08:562 [ERROR]	Initialize resume cache pointer failure
13:28:08:562 [INFO]	gude policy POLICY_USER limit (2,2,1) chunk 2097152, chunking (UL 0 DL 1), resXfer 1, adapt 0, NSURL 0, timeout 86400 
13:28:08:562 [INFO]	Initialized -- gude-lib version: v0.12.1 app: gude
13:28:09:742 [WARN]	Ignoring attempt to reinit logging to \gude at level 4 retaining 3 days of logs
13:28:09:742 [INFO]	SqliteResumeCache::SqliteResumeCache basedirectory is null/empty
13:28:09:742 [ERROR]	SqliteResumeCache::CreateSqliteResumeCache creating resume cache pointer failure
13:28:09:742 [ERROR]	Initialize resume cache pointer failure
13:28:09:742 [INFO]	gude policy POLICY_USER limit (4,4,1) chunk 2097152, chunking (UL 0 DL 1), resXfer 1, adapt 0, NSURL 1, timeout 86400 
13:28:09:742 [INFO]	Initialized -- gude-lib version: v0.12.1 app: gude
